[debug] [2021-04-05T12:49:02.362Z] ----------------------------------------------------------------------
[debug] [2021-04-05T12:49:02.366Z] Command:       C:\Program Files\nodejs\node.exe C:\Users\user\AppData\Roaming\npm\node_modules\firebase-tools\lib\bin\firebase.js init
[debug] [2021-04-05T12:49:02.367Z] CLI Version:   9.6.1
[debug] [2021-04-05T12:49:02.367Z] Platform:      win32
[debug] [2021-04-05T12:49:02.367Z] Node Version:  v14.15.1
[debug] [2021-04-05T12:49:02.369Z] Time:          Mon Apr 05 2021 07:49:02 GMT-0500 (hora estándar de Colombia)
[debug] [2021-04-05T12:49:02.370Z] ----------------------------------------------------------------------
[debug] [2021-04-05T12:49:02.370Z] 
[debug] [2021-04-05T12:49:02.382Z] > command requires scopes: ["email","openid","https://www.googleapis.com/auth/cloudplatformprojects.readonly","https://www.googleapis.com/auth/firebase","https://www.googleapis.com/auth/cloud-platform"]
[debug] [2021-04-05T12:49:02.384Z] > authorizing via signed-in user
[info] 
     ######## #### ########  ######## ########     ###     ######  ########
     ##        ##  ##     ## ##       ##     ##  ##   ##  ##       ##
     ######    ##  ########  ######   ########  #########  ######  ######
     ##        ##  ##    ##  ##       ##     ## ##     ##       ## ##
     ##       #### ##     ## ######## ########  ##     ##  ######  ########

You're about to initialize a Firebase project in this directory:

  C:\xampp\htdocs\Proyecto_Web

Before we get started, keep in mind:

  * You are currently outside your home directory

[info] 
=== Project Setup
[info] 
[info] First, let's associate this project directory with a Firebase project.
[info] You can create multiple project aliases by running firebase use --add, 
[info] but for now we'll just set up a default project.
[info] 
[debug] [2021-04-05T12:52:16.570Z] >>> [apiv2][query] GET https://firebase.googleapis.com/v1beta1/projects pageSize=100
[debug] [2021-04-05T12:52:17.174Z] <<< [apiv2][status] GET https://firebase.googleapis.com/v1beta1/projects 200
[debug] [2021-04-05T12:52:17.174Z] <<< [apiv2][body] GET https://firebase.googleapis.com/v1beta1/projects [omitted]
[info] i  Using project hotelmitaddelmundo-5dadb (hotelMitadDelMundo) 
[info] 
=== Hosting Setup
[info] 
[info] Your public directory is the folder (relative to your project directory) that
[info] will contain Hosting assets to be uploaded with firebase deploy. If you
[info] have a build process for your assets, use your build's output directory.
[info] 
